<?xml version="1.0" encoding="UTF-8"?>
<!-- Generated by org.testng.reporters.JUnitReportReporter -->
<testsuite hostname="user-PC" name="com.selenium.GoogleLoginTest_NG" tests="1" failures="0" timestamp="17 Jun 2019 22:08:09 GMT" time="26.266" errors="0">
  <testcase name="testwithSuccessData" time="26.266" classname="com.selenium.GoogleLoginTest_NG"/>
</testsuite> <!-- com.selenium.GoogleLoginTest_NG -->
