<?xml version="1.0" encoding="UTF-8"?>
<!-- Generated by org.testng.reporters.JUnitReportReporter -->
<testsuite hostname="user-PC" name="com.selenium.EcommRegistertest" tests="1" failures="0" timestamp="19 Jun 2019 05:23:39 GMT" time="22.067" errors="0">
  <testcase name="Register" time="22.067" classname="com.selenium.EcommRegistertest"/>
</testsuite> <!-- com.selenium.EcommRegistertest -->
