<?xml version="1.0" encoding="UTF-8"?>
<!-- Generated by org.testng.reporters.JUnitReportReporter -->
<testsuite hostname="user-PC" name="com.selenium.EcommLogintest_withoutdatadriven" tests="5" failures="0" timestamp="22 Jun 2019 15:09:13 GMT" time="63.971" errors="0">
  <testcase name="testwithInvalidLogin" time="11.737" classname="com.selenium.EcommLogintest_withoutdatadriven"/>
  <testcase name="testSuccessLogin" time="11.620" classname="com.selenium.EcommLogintest_withoutdatadriven"/>
  <testcase name="testwithBothBlank" time="11.564" classname="com.selenium.EcommLogintest_withoutdatadriven"/>
  <testcase name="testwithBlankLogin" time="14.549" classname="com.selenium.EcommLogintest_withoutdatadriven"/>
  <testcase name="testwithBlankPassword" time="14.501" classname="com.selenium.EcommLogintest_withoutdatadriven"/>
</testsuite> <!-- com.selenium.EcommLogintest_withoutdatadriven -->
